2017-08-01 14:54:23,635 ERROR [ModalContext] - System.err - [org.eclipse.jdt.launching] error can't determine modifiers of missing type org.eclipse.pde.internal.ui.wizards.imports.PluginImportHelper
when weaving type org.eclipse.jdt.internal.launching.JREContainerInitializer
when weaving classes 
when weaving 
 [Xlint:cantFindType]
2017-08-01 14:54:24,761  WARN [ModalContext] - ScalaProject - Project progfun has platform default sourceLevel.
2017-08-01 14:54:24,761  WARN [ModalContext] - ScalaProject - Project progfun runs on platform default installation.
2017-08-01 14:54:25,309  WARN [ModalContext] - ScalaProject - Project progfun has platform default sourceLevel.
2017-08-01 14:54:25,310  WARN [ModalContext] - ScalaProject - Project progfun runs on platform default installation.
2017-08-01 14:54:29,299  WARN [Worker-8] - ScalaProject - Project progfun has platform default sourceLevel.
2017-08-01 14:54:29,300  WARN [Worker-8] - ScalaProject - Project progfun runs on platform default installation.
2017-08-01 14:54:30,814  WARN [Worker-0] - ScalaProject - Project progfun has platform default sourceLevel.
2017-08-01 14:54:30,816  WARN [Worker-0] - ScalaProject - Project progfun runs on platform default installation.
2017-08-01 14:54:49,977  WARN [Worker-0] - ScalaProject - Project progfun has platform default sourceLevel.
2017-08-01 14:54:49,978  WARN [Worker-0] - ScalaProject - Project progfun runs on platform default installation.
2017-08-01 14:54:57,598 ERROR [main] - System.err - [org.eclipse.jdt.debug.ui] error can't determine modifiers of missing type org.eclipse.pde.internal.ui.wizards.imports.PluginImportHelper
when weaving type org.eclipse.jdt.internal.debug.ui.actions.ToggleBreakpointAdapter
when weaving classes 
when weaving 
 [Xlint:cantFindType]
2017-08-01 14:54:57,700 ERROR [main] - System.err - [org.eclipse.jdt.debug] error can't determine modifiers of missing type org.eclipse.pde.internal.ui.wizards.imports.PluginImportHelper
when weaving type org.eclipse.jdt.debug.core.IJavaHotCodeReplaceListener
when weaving classes 
when weaving 
 [Xlint:cantFindType]
2017-08-01 14:54:58,236 ERROR [main] - System.err - [org.eclipse.jdt.junit] error can't determine modifiers of missing type org.eclipse.pde.internal.ui.wizards.imports.PluginImportHelper
when weaving type org.eclipse.jdt.internal.junit.ui.JUnitQuickFixProcessor
when weaving classes 
when weaving 
 [Xlint:cantFindType]
2017-08-01 14:58:11,856  WARN [ModalContext] - ScalaProject - Project scalashop has platform default sourceLevel.
2017-08-01 14:58:11,856  WARN [ModalContext] - ScalaProject - Project scalashop runs on platform default installation.
2017-08-01 14:58:13,455  WARN [ModalContext] - ScalaProject - Project scalashop has platform default sourceLevel.
2017-08-01 14:58:13,456  WARN [ModalContext] - ScalaProject - Project scalashop runs on platform default installation.
2017-08-01 14:58:13,776  WARN [main] - org.scala-ide.sdt.core - org.scala-ide.sdt.core - org.scala-ide.sdt.core - 0 - Preference scala.compiler.sourceLevel was uninitialized for scalashop, setting default to 2.11.
2017-08-01 14:58:13,778  WARN [main] - org.scala-ide.sdt.core - org.scala-ide.sdt.core - org.scala-ide.sdt.core - 0 - Preference scala.compiler.installation was uninitialized for scalashop, setting default to 2.11.
2017-08-01 14:59:51,320  WARN [ModalContext] - ScalaProject - Project example has platform default sourceLevel.
2017-08-01 14:59:51,320  WARN [ModalContext] - ScalaProject - Project example runs on platform default installation.
2017-08-01 14:59:51,321  WARN [ModalContext] - ScalaProject - Project example has platform default sourceLevel.
2017-08-01 14:59:51,321  WARN [ModalContext] - ScalaProject - Project example runs on platform default installation.
2017-08-01 14:59:51,878  WARN [ModalContext] - ScalaProject - Project example has platform default sourceLevel.
2017-08-01 14:59:51,879  WARN [ModalContext] - ScalaProject - Project example runs on platform default installation.
2017-08-01 15:02:36,087  WARN [ModalContext] - ScalaProject - Project barneshut has platform default sourceLevel.
2017-08-01 15:02:36,087  WARN [ModalContext] - ScalaProject - Project barneshut runs on platform default installation.
2017-08-01 15:02:36,319  WARN [ModalContext] - ScalaProject - Project barneshut has platform default sourceLevel.
2017-08-01 15:02:36,319  WARN [ModalContext] - ScalaProject - Project barneshut runs on platform default installation.
2017-08-01 15:02:51,234  WARN [ModalContext] - ScalaProject - Project calculator has platform default sourceLevel.
2017-08-01 15:02:51,234  WARN [ModalContext] - ScalaProject - Project calculator runs on platform default installation.
2017-08-01 15:02:51,451  WARN [ModalContext] - ScalaProject - Project calculator has platform default sourceLevel.
2017-08-01 15:02:51,451  WARN [ModalContext] - ScalaProject - Project calculator runs on platform default installation.
2017-08-01 15:03:07,513  WARN [ModalContext] - ScalaProject - Project forcomp has platform default sourceLevel.
2017-08-01 15:03:07,513  WARN [ModalContext] - ScalaProject - Project forcomp runs on platform default installation.
2017-08-01 15:03:07,643  WARN [ModalContext] - ScalaProject - Project forcomp has platform default sourceLevel.
2017-08-01 15:03:07,643  WARN [ModalContext] - ScalaProject - Project forcomp runs on platform default installation.
2017-08-01 15:03:41,376  WARN [ModalContext] - ScalaProject - Project kmeans has platform default sourceLevel.
2017-08-01 15:03:41,376  WARN [ModalContext] - ScalaProject - Project kmeans runs on platform default installation.
2017-08-01 15:03:41,594  WARN [ModalContext] - ScalaProject - Project kmeans has platform default sourceLevel.
2017-08-01 15:03:41,594  WARN [ModalContext] - ScalaProject - Project kmeans runs on platform default installation.
2017-08-01 15:04:40,360  WARN [ModalContext] - ScalaProject - Project parallel has platform default sourceLevel.
2017-08-01 15:04:40,360  WARN [ModalContext] - ScalaProject - Project parallel runs on platform default installation.
2017-08-01 15:04:40,425  WARN [ModalContext] - ScalaProject - Project parallel has platform default sourceLevel.
2017-08-01 15:04:40,425  WARN [ModalContext] - ScalaProject - Project parallel runs on platform default installation.
2017-08-01 15:04:40,816  WARN [Worker-18] - ScalaProject - Project parallel has platform default sourceLevel.
2017-08-01 15:04:40,816  WARN [Worker-18] - ScalaProject - Project parallel runs on platform default installation.
2017-08-01 15:04:42,012  WARN [Worker-20] - ScalaProject - Project parallel has platform default sourceLevel.
2017-08-01 15:04:42,012  WARN [Worker-20] - ScalaProject - Project parallel runs on platform default installation.
2017-08-01 15:04:56,205  WARN [ModalContext] - ScalaProject - Project patmat has platform default sourceLevel.
2017-08-01 15:04:56,205  WARN [ModalContext] - ScalaProject - Project patmat runs on platform default installation.
2017-08-01 15:04:56,302  WARN [ModalContext] - ScalaProject - Project patmat has platform default sourceLevel.
2017-08-01 15:04:56,303  WARN [ModalContext] - ScalaProject - Project patmat runs on platform default installation.
2017-08-01 15:05:09,264  WARN [ModalContext] - ScalaProject - Project quickcheck has platform default sourceLevel.
2017-08-01 15:05:09,265  WARN [ModalContext] - ScalaProject - Project quickcheck runs on platform default installation.
2017-08-01 15:05:09,387  WARN [ModalContext] - ScalaProject - Project quickcheck has platform default sourceLevel.
2017-08-01 15:05:09,387  WARN [ModalContext] - ScalaProject - Project quickcheck runs on platform default installation.
2017-08-01 15:05:23,059  WARN [ModalContext] - ScalaProject - Project reactive2 has platform default sourceLevel.
2017-08-01 15:05:23,060  WARN [ModalContext] - ScalaProject - Project reactive2 runs on platform default installation.
2017-08-01 15:05:23,115  WARN [ModalContext] - ScalaProject - Project reactive2 has platform default sourceLevel.
2017-08-01 15:05:23,115  WARN [ModalContext] - ScalaProject - Project reactive2 runs on platform default installation.
2017-08-01 15:05:23,659  WARN [Worker-2] - ScalaProject - Project reactive2 has platform default sourceLevel.
2017-08-01 15:05:23,660  WARN [Worker-2] - ScalaProject - Project reactive2 runs on platform default installation.
2017-08-01 15:05:24,648  WARN [Java indexing] - ScalaProject - Project reactive2 has platform default sourceLevel.
2017-08-01 15:05:24,648  WARN [Java indexing] - ScalaProject - Project reactive2 runs on platform default installation.
2017-08-01 15:05:25,701  WARN [Worker-8] - ScalaProject - Project reactive2 has platform default sourceLevel.
2017-08-01 15:05:25,701  WARN [Worker-8] - ScalaProject - Project reactive2 runs on platform default installation.
2017-08-01 15:05:44,792  WARN [ModalContext] - ScalaProject - Project recfun has platform default sourceLevel.
2017-08-01 15:05:44,792  WARN [ModalContext] - ScalaProject - Project recfun runs on platform default installation.
2017-08-01 15:05:44,883  WARN [ModalContext] - ScalaProject - Project recfun has platform default sourceLevel.
2017-08-01 15:05:44,884  WARN [ModalContext] - ScalaProject - Project recfun runs on platform default installation.
2017-08-01 15:05:59,012  WARN [ModalContext] - ScalaProject - Project reductions has platform default sourceLevel.
2017-08-01 15:05:59,013  WARN [ModalContext] - ScalaProject - Project reductions runs on platform default installation.
2017-08-01 15:05:59,247  WARN [ModalContext] - ScalaProject - Project reductions has platform default sourceLevel.
2017-08-01 15:05:59,248  WARN [ModalContext] - ScalaProject - Project reductions runs on platform default installation.
2017-08-01 15:06:11,797  WARN [ModalContext] - ScalaProject - Project streams has platform default sourceLevel.
2017-08-01 15:06:11,797  WARN [ModalContext] - ScalaProject - Project streams runs on platform default installation.
2017-08-01 15:06:11,916  WARN [ModalContext] - ScalaProject - Project streams has platform default sourceLevel.
2017-08-01 15:06:11,917  WARN [ModalContext] - ScalaProject - Project streams runs on platform default installation.
2017-08-01 15:06:27,683  WARN [ModalContext] - ScalaProject - Project test has platform default sourceLevel.
2017-08-01 15:06:27,684  WARN [ModalContext] - ScalaProject - Project test runs on platform default installation.
2017-08-01 15:06:27,735  WARN [ModalContext] - ScalaProject - Project test has platform default sourceLevel.
2017-08-01 15:06:27,735  WARN [ModalContext] - ScalaProject - Project test runs on platform default installation.
2017-08-01 15:06:28,255  WARN [Worker-17] - ScalaProject - Project test has platform default sourceLevel.
2017-08-01 15:06:28,255  WARN [Worker-17] - ScalaProject - Project test runs on platform default installation.
2017-08-01 15:06:29,283  WARN [Java indexing] - ScalaProject - Project test has platform default sourceLevel.
2017-08-01 15:06:29,284  WARN [Java indexing] - ScalaProject - Project test runs on platform default installation.
2017-08-01 15:06:30,100  WARN [Worker-4] - ScalaProject - Project test has platform default sourceLevel.
2017-08-01 15:06:30,100  WARN [Worker-4] - ScalaProject - Project test runs on platform default installation.
2017-08-01 15:07:28,270  WARN [Worker-22] - ScalaProject - Project test has platform default sourceLevel.
2017-08-01 15:07:28,271  WARN [Worker-22] - ScalaProject - Project test runs on platform default installation.
2017-08-01 15:07:30,014  WARN [Worker-16] - ScalaProject - Project test has platform default sourceLevel.
2017-08-01 15:07:30,014  WARN [Worker-16] - ScalaProject - Project test runs on platform default installation.
2017-08-01 15:07:53,788  WARN [Worker-0] - ScalaProject - Project test has platform default sourceLevel.
2017-08-01 15:07:53,788  WARN [Worker-0] - ScalaProject - Project test runs on platform default installation.
2017-08-01 15:07:55,266  WARN [Worker-24] - ScalaProject - Project test has platform default sourceLevel.
2017-08-01 15:07:55,267  WARN [Worker-24] - ScalaProject - Project test runs on platform default installation.
2017-08-07 18:26:38,313 ERROR [main] - System.err - [org.eclipse.jdt.launching] error can't determine modifiers of missing type org.eclipse.pde.internal.ui.wizards.imports.PluginImportHelper
when weaving type org.eclipse.jdt.launching.JavaRuntime
when weaving classes 
when weaving 
 [Xlint:cantFindType]
2017-08-07 18:26:39,760  WARN [org.eclipse.jface.text.reconciler.MonoReconciler] - ScalaProject - Project test has platform default sourceLevel.
2017-08-07 18:26:39,761  WARN [org.eclipse.jface.text.reconciler.MonoReconciler] - ScalaProject - Project test runs on platform default installation.
2017-08-07 18:26:39,768  WARN [org.eclipse.jface.text.reconciler.MonoReconciler] - ScalaProject - Project test has platform default sourceLevel.
2017-08-07 18:26:39,768  WARN [org.eclipse.jface.text.reconciler.MonoReconciler] - ScalaProject - Project test runs on platform default installation.
2017-08-07 18:26:40,976  WARN [Worker-7] - ScalaProject - Project parallel has platform default sourceLevel.
2017-08-07 18:26:40,977  WARN [Worker-7] - ScalaProject - Project parallel runs on platform default installation.
2017-08-07 18:26:40,995  WARN [Worker-7] - ScalaProject - Project reactive2 has platform default sourceLevel.
2017-08-07 18:26:40,996  WARN [Worker-7] - ScalaProject - Project reactive2 runs on platform default installation.
2017-08-07 18:26:41,002  WARN [Worker-7] - ScalaProject - Project progfun has platform default sourceLevel.
2017-08-07 18:26:41,002  WARN [Worker-7] - ScalaProject - Project progfun runs on platform default installation.
2017-08-07 18:26:42,051  WARN [main] - org.scala-ide.sdt.core - org.scala-ide.sdt.core - org.scala-ide.sdt.core - 0 - Preference scala.compiler.sourceLevel was uninitialized for barneshut, setting default to 2.11.
2017-08-07 18:26:42,053  WARN [main] - org.scala-ide.sdt.core - org.scala-ide.sdt.core - org.scala-ide.sdt.core - 0 - Preference scala.compiler.installation was uninitialized for barneshut, setting default to 2.11.
2017-08-07 18:31:29,577 ERROR [main] - System.err - [org.eclipse.jdt.debug] error can't determine modifiers of missing type org.eclipse.pde.internal.ui.wizards.imports.PluginImportHelper
when weaving type org.eclipse.jdt.debug.core.IJavaLineBreakpoint
when weaving classes 
when weaving 
 [Xlint:cantFindType]
2017-08-07 18:31:46,776 ERROR [main] - System.err - [org.eclipse.jdt.debug.ui] error can't determine modifiers of missing type org.eclipse.pde.internal.ui.wizards.imports.PluginImportHelper
when weaving type org.eclipse.jdt.internal.debug.ui.actions.ToggleBreakpointAdapter
when weaving classes 
when weaving 
 [Xlint:cantFindType]
2017-08-07 18:32:31,580  WARN [ModalContext] - ScalaProject - Project example has platform default sourceLevel.
2017-08-07 18:32:31,580  WARN [ModalContext] - ScalaProject - Project example runs on platform default installation.
2017-08-07 18:32:33,451  WARN [ModalContext] - ScalaProject - Project example has platform default sourceLevel.
2017-08-07 18:32:33,451  WARN [ModalContext] - ScalaProject - Project example runs on platform default installation.
2017-08-07 18:32:51,916  WARN [Worker-15] - ScalaProject - Project test has platform default sourceLevel.
2017-08-07 18:32:51,916  WARN [Worker-15] - ScalaProject - Project test runs on platform default installation.
2017-08-07 18:32:51,958  WARN [Worker-15] - ScalaProject - Project test has platform default sourceLevel.
2017-08-07 18:32:51,959  WARN [Worker-15] - ScalaProject - Project test runs on platform default installation.
2017-08-07 18:35:08,392  WARN [ModalContext] - ScalaProject - Project example has platform default sourceLevel.
2017-08-07 18:35:08,392  WARN [ModalContext] - ScalaProject - Project example runs on platform default installation.
2017-08-07 18:35:08,393  WARN [ModalContext] - ScalaProject - Project example has platform default sourceLevel.
2017-08-07 18:35:08,393  WARN [ModalContext] - ScalaProject - Project example runs on platform default installation.
2017-08-07 18:35:08,825  WARN [ModalContext] - ScalaProject - Project example has platform default sourceLevel.
2017-08-07 18:35:08,825  WARN [ModalContext] - ScalaProject - Project example runs on platform default installation.
2017-08-07 18:36:01,368 ERROR [main] - System.err - [org.eclipse.jdt.junit] error can't determine modifiers of missing type org.eclipse.pde.internal.ui.wizards.imports.PluginImportHelper
when weaving type org.eclipse.jdt.junit.launcher.JUnitLaunchShortcut
when weaving classes 
when weaving 
 [Xlint:cantFindType]
2017-08-08 15:55:55,469 ERROR [org.scalaide.ui.internal.reconciliation.ScalaReconciler] - System.err - Exception in thread "org.scalaide.ui.internal.reconciliation.ScalaReconciler"
2017-08-08 15:55:55,471 ERROR [org.scalaide.ui.internal.reconciliation.ScalaReconciler] - System.err - java.lang.NullPointerException
2017-08-08 15:55:55,472 ERROR [org.scalaide.ui.internal.reconciliation.ScalaReconciler] - System.err - at org.scalaide.ui.internal.editor.outline.ScalaOutlineReconcilingStrategy.reconcile(ScalaOutlineReconcilingStrategy.scala:26)
2017-08-08 15:55:55,472 ERROR [org.scalaide.ui.internal.reconciliation.ScalaReconciler] - System.err - at org.eclipse.jdt.internal.ui.text.CompositeReconcilingStrategy.reconcile(CompositeReconcilingStrategy.java:89)
2017-08-08 15:55:55,472 ERROR [org.scalaide.ui.internal.reconciliation.ScalaReconciler] - System.err - at org.eclipse.jface.text.reconciler.MonoReconciler.process(MonoReconciler.java:73)
2017-08-08 15:55:55,472 ERROR [org.scalaide.ui.internal.reconciliation.ScalaReconciler] - System.err - at org.eclipse.jface.text.reconciler.AbstractReconciler$BackgroundThread.run(AbstractReconciler.java:207)
2017-08-20 11:04:04,848 ERROR [main] - System.err - [org.eclipse.jdt.launching] error can't determine modifiers of missing type org.eclipse.pde.internal.ui.wizards.imports.PluginImportHelper
when weaving type org.eclipse.jdt.launching.JavaRuntime
when weaving classes 
when weaving 
 [Xlint:cantFindType]
2017-08-20 11:04:10,651 ERROR [main] - System.err - [org.eclipse.jdt.junit] error can't determine modifiers of missing type org.eclipse.pde.internal.ui.wizards.imports.PluginImportHelper
when weaving type org.eclipse.jdt.internal.junit.ui.TestRunnerViewPart
when weaving classes 
when weaving 
 [Xlint:cantFindType]
2017-08-20 11:04:12,419  WARN [Worker-0] - ScalaProject - Project parallel has platform default sourceLevel.
2017-08-20 11:04:12,421  WARN [Worker-0] - ScalaProject - Project parallel runs on platform default installation.
2017-08-20 11:04:12,426  WARN [Worker-0] - ScalaProject - Project test has platform default sourceLevel.
2017-08-20 11:04:12,426  WARN [Worker-0] - ScalaProject - Project test runs on platform default installation.
2017-08-20 11:04:12,436  WARN [Worker-0] - ScalaProject - Project reactive2 has platform default sourceLevel.
2017-08-20 11:04:12,436  WARN [Worker-0] - ScalaProject - Project reactive2 runs on platform default installation.
2017-08-20 11:04:12,453  WARN [Worker-0] - ScalaProject - Project progfun has platform default sourceLevel.
2017-08-20 11:04:12,454  WARN [Worker-0] - ScalaProject - Project progfun runs on platform default installation.
2017-08-20 11:04:12,578  WARN [main] - org.scala-ide.sdt.core - org.scala-ide.sdt.core - org.scala-ide.sdt.core - 0 - Preference scala.compiler.sourceLevel was uninitialized for example, setting default to 2.11.
2017-08-20 11:04:12,580  WARN [main] - org.scala-ide.sdt.core - org.scala-ide.sdt.core - org.scala-ide.sdt.core - 0 - Preference scala.compiler.installation was uninitialized for example, setting default to 2.11.
2017-08-20 12:22:44,200 ERROR [main] - System.err - [org.eclipse.jdt.debug.ui] error can't determine modifiers of missing type org.eclipse.pde.internal.ui.wizards.imports.PluginImportHelper
when weaving type org.eclipse.jdt.internal.debug.ui.actions.ToggleBreakpointAdapter
when weaving classes 
when weaving 
 [Xlint:cantFindType]
2017-08-20 12:22:44,631 ERROR [main] - System.err - [org.eclipse.jdt.debug] error can't determine modifiers of missing type org.eclipse.pde.internal.ui.wizards.imports.PluginImportHelper
when weaving type org.eclipse.jdt.debug.core.IJavaHotCodeReplaceListener
when weaving classes 
when weaving 
 [Xlint:cantFindType]
2017-08-20 12:48:50,708  WARN [org.scalaide.ui.internal.reconciliation.ScalaReconciler] - ImplicitHighlightingPresenter - Timeout while waiting for `askLoadedTyped` during semantic highlighting.
2017-08-20 12:50:02,832  WARN [org.scalaide.ui.internal.reconciliation.ScalaReconciler] - ImplicitHighlightingPresenter - Timeout while waiting for `askLoadedTyped` during semantic highlighting.
2017-08-20 13:24:47,359  WARN [org.scalaide.ui.internal.reconciliation.ScalaReconciler] - ImplicitHighlightingPresenter - Timeout while waiting for `askLoadedTyped` during semantic highlighting.
2017-08-20 13:27:58,162  WARN [org.scalaide.ui.internal.reconciliation.ScalaReconciler] - CallByNameParamAtCreationPresenter - Timeout while waiting for `askLoadedTyped` during semantic highlighting.
2017-08-20 13:28:01,430 ERROR [Text Viewer Hover Presenter] - IScalaPresentationCompiler$ - Ignoring InterruptException
2017-08-20 13:28:01,430 ERROR [Text Viewer Hover Presenter] - IScalaPresentationCompiler$ - Ignoring InterruptException
2017-08-20 13:28:01,430 ERROR [Text Viewer Hover Presenter] - IScalaPresentationCompiler$ - Ignoring InterruptException
2017-08-20 13:28:22,323  WARN [org.scalaide.ui.internal.reconciliation.ScalaReconciler] - ImplicitHighlightingPresenter - Timeout while waiting for `askLoadedTyped` during semantic highlighting.
2017-08-20 13:28:22,526  WARN [org.scalaide.ui.internal.reconciliation.ScalaReconciler] - CustomSemanticAction - Timeout while waiting for `askLoadedTyped` during semantic highlighting.
2017-08-20 13:28:22,769  WARN [org.scalaide.ui.internal.reconciliation.ScalaReconciler] - CallByNameParamAtCreationPresenter - Timeout while waiting for `askLoadedTyped` during semantic highlighting.
2017-08-20 13:28:34,836  WARN [org.scalaide.ui.internal.reconciliation.ScalaReconciler] - ImplicitHighlightingPresenter - Timeout while waiting for `askLoadedTyped` during semantic highlighting.
2017-08-20 13:29:39,851  WARN [org.scalaide.ui.internal.reconciliation.ScalaReconciler] - CallByNameParamAtCreationPresenter - Timeout while waiting for `askLoadedTyped` during semantic highlighting.
2017-08-20 13:31:02,469  WARN [org.scalaide.ui.internal.reconciliation.ScalaReconciler] - ImplicitHighlightingPresenter - Timeout while waiting for `askLoadedTyped` during semantic highlighting.
2017-08-20 13:31:28,414  WARN [org.scalaide.ui.internal.reconciliation.ScalaReconciler] - ImplicitHighlightingPresenter - Timeout while waiting for `askLoadedTyped` during semantic highlighting.
2017-08-20 13:31:28,616  WARN [org.scalaide.ui.internal.reconciliation.ScalaReconciler] - CustomSemanticAction - Timeout while waiting for `askLoadedTyped` during semantic highlighting.
2017-08-20 13:31:33,138  WARN [org.scalaide.ui.internal.reconciliation.ScalaReconciler] - CallByNameParamAtCreationPresenter - Timeout while waiting for `askLoadedTyped` during semantic highlighting.
2017-08-20 13:32:16,734  WARN [org.scalaide.ui.internal.reconciliation.ScalaReconciler] - ImplicitHighlightingPresenter - Timeout while waiting for `askLoadedTyped` during semantic highlighting.
2017-08-20 13:32:32,260  WARN [org.scalaide.ui.internal.reconciliation.ScalaReconciler] - ImplicitHighlightingPresenter - Timeout while waiting for `askLoadedTyped` during semantic highlighting.
2017-08-20 13:32:32,467  WARN [org.scalaide.ui.internal.reconciliation.ScalaReconciler] - CustomSemanticAction - Timeout while waiting for `askLoadedTyped` during semantic highlighting.
2017-08-20 13:32:32,674  WARN [org.scalaide.ui.internal.reconciliation.ScalaReconciler] - CallByNameParamAtCreationPresenter - Timeout while waiting for `askLoadedTyped` during semantic highlighting.
2017-08-20 13:32:58,497  WARN [org.scalaide.ui.internal.reconciliation.ScalaReconciler] - ImplicitHighlightingPresenter - Timeout while waiting for `askLoadedTyped` during semantic highlighting.
2017-08-20 13:34:45,657  WARN [org.scalaide.ui.internal.reconciliation.ScalaReconciler] - CallByNameParamAtCreationPresenter - Timeout while waiting for `askLoadedTyped` during semantic highlighting.
2017-08-20 13:35:20,931  WARN [org.scalaide.ui.internal.reconciliation.ScalaReconciler] - ImplicitHighlightingPresenter - Timeout while waiting for `askLoadedTyped` during semantic highlighting.
2017-08-20 15:05:58,981  WARN [org.scalaide.ui.internal.reconciliation.ScalaReconciler] - ImplicitHighlightingPresenter - Timeout while waiting for `askLoadedTyped` during semantic highlighting.
2017-08-20 15:06:17,577  WARN [org.scalaide.ui.internal.reconciliation.ScalaReconciler] - ImplicitHighlightingPresenter - Timeout while waiting for `askLoadedTyped` during semantic highlighting.
2017-08-20 15:07:15,812  WARN [org.scalaide.ui.internal.reconciliation.ScalaReconciler] - ImplicitHighlightingPresenter - Timeout while waiting for `askLoadedTyped` during semantic highlighting.
2017-08-20 15:07:17,889  WARN [org.scalaide.ui.internal.reconciliation.ScalaReconciler] - ImplicitHighlightingPresenter - Timeout while waiting for `askLoadedTyped` during semantic highlighting.
2017-08-20 15:08:10,222  WARN [org.scalaide.ui.internal.reconciliation.ScalaReconciler] - CustomSemanticAction - Timeout while waiting for `askLoadedTyped` during semantic highlighting.
2017-08-20 15:08:10,423  WARN [org.scalaide.ui.internal.reconciliation.ScalaReconciler] - CallByNameParamAtCreationPresenter - Timeout while waiting for `askLoadedTyped` during semantic highlighting.
2017-08-20 15:10:24,445  WARN [org.scalaide.ui.internal.reconciliation.ScalaReconciler] - CallByNameParamAtCreationPresenter - Timeout while waiting for `askLoadedTyped` during semantic highlighting.
2017-08-20 15:11:18,669  WARN [org.scalaide.ui.internal.reconciliation.ScalaReconciler] - ImplicitHighlightingPresenter - Timeout while waiting for `askLoadedTyped` during semantic highlighting.
2017-08-20 15:11:18,936  WARN [org.scalaide.ui.internal.reconciliation.ScalaReconciler] - CallByNameParamAtCreationPresenter - Timeout while waiting for `askLoadedTyped` during semantic highlighting.
2017-08-20 15:11:28,881  WARN [org.scalaide.ui.internal.reconciliation.ScalaReconciler] - ImplicitHighlightingPresenter - Timeout while waiting for `askLoadedTyped` during semantic highlighting.
2017-08-20 15:11:59,278  WARN [org.scalaide.ui.internal.reconciliation.ScalaReconciler] - ImplicitHighlightingPresenter - Timeout while waiting for `askLoadedTyped` during semantic highlighting.
2017-08-20 15:14:53,397  WARN [org.scalaide.ui.internal.reconciliation.ScalaReconciler] - CallByNameParamAtCreationPresenter - Timeout while waiting for `askLoadedTyped` during semantic highlighting.
2017-08-20 15:15:15,917  WARN [org.scalaide.ui.internal.reconciliation.ScalaReconciler] - ImplicitHighlightingPresenter - Timeout while waiting for `askLoadedTyped` during semantic highlighting.
2017-08-20 15:20:20,344  WARN [org.scalaide.ui.internal.reconciliation.ScalaReconciler] - ImplicitHighlightingPresenter - Timeout while waiting for `askLoadedTyped` during semantic highlighting.
2017-08-20 15:20:46,252  WARN [org.scalaide.ui.internal.reconciliation.ScalaReconciler] - ImplicitHighlightingPresenter - Timeout while waiting for `askLoadedTyped` during semantic highlighting.
2017-08-20 15:20:57,749  WARN [org.scalaide.ui.internal.reconciliation.ScalaReconciler] - CallByNameParamAtCreationPresenter - Timeout while waiting for `askLoadedTyped` during semantic highlighting.
2017-08-20 15:21:12,416  WARN [org.scalaide.ui.internal.reconciliation.ScalaReconciler] - ImplicitHighlightingPresenter - Timeout while waiting for `askLoadedTyped` during semantic highlighting.
2017-08-20 15:21:26,230  WARN [org.scalaide.ui.internal.reconciliation.ScalaReconciler] - ImplicitHighlightingPresenter - Timeout while waiting for `askLoadedTyped` during semantic highlighting.
2017-08-20 15:22:50,344  WARN [org.scalaide.ui.internal.reconciliation.ScalaReconciler] - ImplicitHighlightingPresenter - Timeout while waiting for `askLoadedTyped` during semantic highlighting.
2017-08-20 15:22:50,556  WARN [org.scalaide.ui.internal.reconciliation.ScalaReconciler] - CustomSemanticAction - Timeout while waiting for `askLoadedTyped` during semantic highlighting.
2017-08-20 15:22:50,777  WARN [org.scalaide.ui.internal.reconciliation.ScalaReconciler] - CallByNameParamAtCreationPresenter - Timeout while waiting for `askLoadedTyped` during semantic highlighting.
2017-08-20 15:23:10,062  WARN [org.scalaide.ui.internal.reconciliation.ScalaReconciler] - CallByNameParamAtCreationPresenter - Timeout while waiting for `askLoadedTyped` during semantic highlighting.
2017-08-20 15:54:05,851  WARN [org.scalaide.ui.internal.reconciliation.ScalaReconciler] - ImplicitHighlightingPresenter - Timeout while waiting for `askLoadedTyped` during semantic highlighting.
2017-08-20 15:54:06,054  WARN [org.scalaide.ui.internal.reconciliation.ScalaReconciler] - CustomSemanticAction - Timeout while waiting for `askLoadedTyped` during semantic highlighting.
2017-08-20 15:54:14,909 ERROR [Text Viewer Hover Presenter] - IScalaPresentationCompiler$ - Ignoring InterruptException
2017-08-20 15:54:14,911 ERROR [Text Viewer Hover Presenter] - IScalaPresentationCompiler$ - Ignoring InterruptException
2017-08-20 15:54:14,911 ERROR [Text Viewer Hover Presenter] - IScalaPresentationCompiler$ - Ignoring InterruptException
2017-08-20 15:54:14,912 ERROR [Text Viewer Hover Presenter] - IScalaPresentationCompiler$ - Ignoring InterruptException
2017-08-20 15:54:14,912 ERROR [Text Viewer Hover Presenter] - IScalaPresentationCompiler$ - Ignoring InterruptException
2017-08-20 15:54:14,912 ERROR [Text Viewer Hover Presenter] - IScalaPresentationCompiler$ - Ignoring InterruptException
2017-08-20 15:54:14,912 ERROR [Text Viewer Hover Presenter] - IScalaPresentationCompiler$ - Ignoring InterruptException
2017-08-20 15:54:14,912 ERROR [Text Viewer Hover Presenter] - IScalaPresentationCompiler$ - Ignoring InterruptException
2017-08-20 15:55:00,333  WARN [org.scalaide.ui.internal.reconciliation.ScalaReconciler] - ImplicitHighlightingPresenter - Timeout while waiting for `askLoadedTyped` during semantic highlighting.
2017-08-20 15:55:00,629  WARN [org.scalaide.ui.internal.reconciliation.ScalaReconciler] - CallByNameParamAtCreationPresenter - Timeout while waiting for `askLoadedTyped` during semantic highlighting.
2017-08-20 15:55:07,136  WARN [org.scalaide.ui.internal.reconciliation.ScalaReconciler] - ImplicitHighlightingPresenter - Timeout while waiting for `askLoadedTyped` during semantic highlighting.
2017-08-20 15:55:07,345  WARN [org.scalaide.ui.internal.reconciliation.ScalaReconciler] - CustomSemanticAction - Timeout while waiting for `askLoadedTyped` during semantic highlighting.
2017-08-20 15:56:02,089  WARN [org.scalaide.ui.internal.reconciliation.ScalaReconciler] - ImplicitHighlightingPresenter - Timeout while waiting for `askLoadedTyped` during semantic highlighting.
2017-08-20 15:56:02,292  WARN [org.scalaide.ui.internal.reconciliation.ScalaReconciler] - CustomSemanticAction - Timeout while waiting for `askLoadedTyped` during semantic highlighting.
2017-08-20 15:56:02,519  WARN [org.scalaide.ui.internal.reconciliation.ScalaReconciler] - CallByNameParamAtCreationPresenter - Timeout while waiting for `askLoadedTyped` during semantic highlighting.
2017-08-20 15:56:06,962  WARN [org.scalaide.ui.internal.reconciliation.ScalaReconciler] - ImplicitHighlightingPresenter - Timeout while waiting for `askLoadedTyped` during semantic highlighting.
2017-08-20 15:56:07,187  WARN [org.scalaide.ui.internal.reconciliation.ScalaReconciler] - CustomSemanticAction - Timeout while waiting for `askLoadedTyped` during semantic highlighting.
2017-08-20 15:56:08,560  WARN [org.scalaide.ui.internal.reconciliation.ScalaReconciler] - ImplicitHighlightingPresenter - Timeout while waiting for `askLoadedTyped` during semantic highlighting.
2017-08-20 15:57:34,489  WARN [org.scalaide.ui.internal.reconciliation.ScalaReconciler] - TraverserImpl$ - Skipping annotation, position length = 0, position offset = 7502
2017-08-20 15:57:41,920  WARN [org.scalaide.ui.internal.reconciliation.ScalaReconciler] - ImplicitHighlightingPresenter - Timeout while waiting for `askLoadedTyped` during semantic highlighting.
2017-08-20 15:57:42,129  WARN [org.scalaide.ui.internal.reconciliation.ScalaReconciler] - CustomSemanticAction - Timeout while waiting for `askLoadedTyped` during semantic highlighting.
2017-08-20 15:57:42,367  WARN [org.scalaide.ui.internal.reconciliation.ScalaReconciler] - CallByNameParamAtCreationPresenter - Timeout while waiting for `askLoadedTyped` during semantic highlighting.
2017-08-20 15:58:04,041  WARN [org.scalaide.ui.internal.reconciliation.ScalaReconciler] - ImplicitHighlightingPresenter - Timeout while waiting for `askLoadedTyped` during semantic highlighting.
2017-08-20 15:58:04,242  WARN [org.scalaide.ui.internal.reconciliation.ScalaReconciler] - CustomSemanticAction - Timeout while waiting for `askLoadedTyped` during semantic highlighting.
2017-08-20 15:58:04,442  WARN [org.scalaide.ui.internal.reconciliation.ScalaReconciler] - CallByNameParamAtCreationPresenter - Timeout while waiting for `askLoadedTyped` during semantic highlighting.
2017-08-20 15:58:21,443  WARN [org.scalaide.ui.internal.reconciliation.ScalaReconciler] - ImplicitHighlightingPresenter - Timeout while waiting for `askLoadedTyped` during semantic highlighting.
2017-08-20 15:58:21,643  WARN [org.scalaide.ui.internal.reconciliation.ScalaReconciler] - CustomSemanticAction - Timeout while waiting for `askLoadedTyped` during semantic highlighting.
2017-08-20 16:05:25,231  WARN [org.scalaide.ui.internal.reconciliation.ScalaReconciler] - ImplicitHighlightingPresenter - Timeout while waiting for `askLoadedTyped` during semantic highlighting.
2017-08-20 16:23:16,789  WARN [org.scalaide.ui.internal.reconciliation.ScalaReconciler] - CustomSemanticAction - Timeout while waiting for `askLoadedTyped` during semantic highlighting.
2017-08-20 16:23:29,588  WARN [org.scalaide.ui.internal.reconciliation.ScalaReconciler] - CustomSemanticAction - Timeout while waiting for `askLoadedTyped` during semantic highlighting.
